0 silly argv {
0 silly argv   _: [ 'bootstrap' ],
0 silly argv   scope: [ '@app/lib4', '@app/lib3', '@app/lib', '@app/lib2' ],
0 silly argv   lernaVersion: '8.0.2',
0 silly argv   '$0': 'node_modules/lerna/dist/cli.js'
0 silly argv }
1 notice cli v8.0.2
2 verbose packageConfigs Explicit "packages" configuration found in lerna.json. Resolving packages using the configured glob(s): ["packages/*"]
3 verbose rootPath /Users/brian.dombrowski/Dev/Javascript/monorepo-tooling/monorepo-tooling-demos/lerna-8x-hybrid
4 notice filter including ["@app/lib4","@app/lib3","@app/lib","@app/lib2"]
5 info filter [ '@app/lib4', '@app/lib3', '@app/lib', '@app/lib2' ]
6 warn bootstrap Installing local packages that do not match filters from registry
7 silly npmConfig {
7 silly npmConfig   registry: undefined,
7 silly npmConfig   npmClient: 'yarn',
7 silly npmConfig   npmClientArgs: [ '--pure-lockfile' ],
7 silly npmConfig   mutex: 'network:42424'
7 silly npmConfig }
8 info Bootstrapping 4 packages
9 verbose lifecycle preinstall
10 silly lifecycle No script for "preinstall" in "@app/lib", continuing
11 silly lifecycle No script for "preinstall" in "@app/lib2", continuing
12 silly lifecycle No script for "preinstall" in "@app/lib3", continuing
13 silly lifecycle No script for "preinstall" in "@app/lib4", continuing
14 silly hasDependencyInstalled @app/lib typescript
15 silly hasDependencyInstalled @app/lib2 typescript
16 silly hasDependencyInstalled @app/lib3 typescript
17 silly hasDependencyInstalled @app/lib4 typescript
18 silly hasDependencyInstalled @app/lib @types/lodash
19 silly hasDependencyInstalled @app/lib @types/node
20 silly hasDependencyInstalled @app/lib minimatch
21 silly hasDependencyInstalled @app/lib lodash
22 silly hasDependencyInstalled @app/lib2 @app/lib
23 silly hasDependencyInstalled @app/lib4 @app/lib
24 silly hasDependencyInstalled @app/lib2 @slimr/util
25 silly hasDependencyInstalled @app/lib3 @app/lib2
26 silly hasDependencyInstalled @app/lib4 @app/lib2
27 silly hasDependencyInstalled @app/lib4 @app/lib3
28 silly root dependencies {}
29 silly leaf dependencies {}
30 info Installing external dependencies
31 verbose actions 1 actions, concurrency 10
32 verbose npmInstall [
32 verbose npmInstall   'yarn',
32 verbose npmInstall   [
32 verbose npmInstall     'workspaces',
32 verbose npmInstall     'focus',
32 verbose npmInstall     'root',
32 verbose npmInstall     '@app/lib',
32 verbose npmInstall     '@app/lib2',
32 verbose npmInstall     '@app/lib3',
32 verbose npmInstall     '@app/lib4'
32 verbose npmInstall   ]
32 verbose npmInstall ]
33 error Error: Command failed with exit code 1: yarn workspaces focus root @app/lib @app/lib2 @app/lib3 @app/lib4
33 error ➤ YN0000: · Yarn 4.0.2
33 error ➤ YN0000: ┌ Resolution step
33 error ➤ YN0001: │ Error: @app/lib2@file:../../packages/lib2/package.json/package.tgz::locator=%40app%2Flib3%40workspace%3Apackages%2Flib3: ENOTDIR: not a directory, open '/Users/brian.dombrowski/Dev/Javascript/monorepo-tooling/monorepo-tooling-demos/lerna-8x-hybrid/packages/lib2/package.json/package.tgz'
33 error ➤ YN0000: └ Completed in 0s 255ms
33 error ➤ YN0000: · Failed with errors in 0s 294ms
33 error     at makeError (/Users/brian.dombrowski/Dev/Javascript/monorepo-tooling/monorepo-tooling-demos/lerna-8x-hybrid/node_modules/execa/lib/error.js:59:11)
33 error     at handlePromise (/Users/brian.dombrowski/Dev/Javascript/monorepo-tooling/monorepo-tooling-demos/lerna-8x-hybrid/node_modules/execa/index.js:114:26)
33 error     at process.processTicksAndRejections (node:internal/process/task_queues:95:5)
